<?xml version="1.0" encoding="UTF-8"?>
<!-- Generated by org.testng.reporters.JUnitReportReporter -->
<testsuite hostname="ee56aa5048b8" failures="0" tests="3" name="com.vinsGuru.vendarPortal.VendorPortalTest" time="5.682" errors="0" timestamp="2024-07-21T06:05:51 GMT" skipped="0">
  <testcase classname="com.vinsGuru.vendarPortal.VendorPortalTest" name="logout" time="1.418"/>
  <testcase classname="com.vinsGuru.vendarPortal.VendorPortalTest" name="loginTest" time="0.905"/>
  <testcase classname="com.vinsGuru.vendarPortal.VendorPortalTest" name="dashBoardTest" time="3.359"/>
</testsuite> <!-- com.vinsGuru.vendarPortal.VendorPortalTest -->
