<?xml version="1.0" encoding="UTF-8"?>
<!-- Generated by org.testng.reporters.JUnitReportReporter -->
<testsuite hostname="c00205367089" failures="0" tests="3" name="com.vinsGuru.vendarPortal.VendorPortalTest" time="6.918" errors="0" timestamp="2024-07-23T08:51:09 GMT" skipped="0">
  <testcase classname="com.vinsGuru.vendarPortal.VendorPortalTest" name="dashBoardTest" time="4.504"/>
  <testcase classname="com.vinsGuru.vendarPortal.VendorPortalTest" name="logout" time="0.981"/>
  <testcase classname="com.vinsGuru.vendarPortal.VendorPortalTest" name="loginTest" time="1.433"/>
</testsuite> <!-- com.vinsGuru.vendarPortal.VendorPortalTest -->
