<?xml version="1.0" encoding="UTF-8"?>
<!-- Generated by org.testng.reporters.JUnitReportReporter -->
<testsuite hostname="DESKTOP-QMAKQJB" failures="0" tests="20" name="com.vinGuru.tests.flightResevearion.FlightReseverationTest" time="25.676" errors="0" timestamp="2024-06-18T00:19:42 IST" skipped="0">
  <testcase classname="com.vinGuru.tests.flightResevearion.FlightReseverationTest" name="flightSelectionTest" time="0.740"/>
  <testcase classname="com.vinGuru.tests.flightResevearion.FlightReseverationTest" name="flightSearchTest" time="0.676"/>
  <testcase classname="com.vinGuru.tests.flightResevearion.FlightReseverationTest" name="flightReseverationConfirmationTest" time="2.137"/>
  <testcase classname="com.vinGuru.tests.flightResevearion.FlightReseverationTest" name="registartionConfirmationPage" time="2.200"/>
  <testcase classname="com.vinGuru.tests.flightResevearion.FlightReseverationTest" name="flightSearchTest" time="0.681"/>
  <testcase classname="com.vinGuru.tests.flightResevearion.FlightReseverationTest" name="userRegistaraionTest" time="1.345"/>
  <testcase classname="com.vinGuru.tests.flightResevearion.FlightReseverationTest" name="userRegistaraionTest" time="1.504"/>
  <testcase classname="com.vinGuru.tests.flightResevearion.FlightReseverationTest" name="flightSearchTest" time="1.301"/>
  <testcase classname="com.vinGuru.tests.flightResevearion.FlightReseverationTest" name="flightReseverationConfirmationTest" time="0.564"/>
  <testcase classname="com.vinGuru.tests.flightResevearion.FlightReseverationTest" name="flightSelectionTest" time="0.148"/>
  <testcase classname="com.vinGuru.tests.flightResevearion.FlightReseverationTest" name="registartionConfirmationPage" time="0.860"/>
  <testcase classname="com.vinGuru.tests.flightResevearion.FlightReseverationTest" name="registartionConfirmationPage" time="1.678"/>
  <testcase classname="com.vinGuru.tests.flightResevearion.FlightReseverationTest" name="flightReseverationConfirmationTest" time="1.134"/>
  <testcase classname="com.vinGuru.tests.flightResevearion.FlightReseverationTest" name="flightReseverationConfirmationTest" time="2.141"/>
  <testcase classname="com.vinGuru.tests.flightResevearion.FlightReseverationTest" name="flightSelectionTest" time="1.205"/>
  <testcase classname="com.vinGuru.tests.flightResevearion.FlightReseverationTest" name="registartionConfirmationPage" time="2.224"/>
  <testcase classname="com.vinGuru.tests.flightResevearion.FlightReseverationTest" name="flightSelectionTest" time="1.716"/>
  <testcase classname="com.vinGuru.tests.flightResevearion.FlightReseverationTest" name="userRegistaraionTest" time="1.396"/>
  <testcase classname="com.vinGuru.tests.flightResevearion.FlightReseverationTest" name="flightSearchTest" time="0.669"/>
  <testcase classname="com.vinGuru.tests.flightResevearion.FlightReseverationTest" name="userRegistaraionTest" time="1.357"/>
</testsuite> <!-- com.vinGuru.tests.flightResevearion.FlightReseverationTest -->
