<?xml version="1.0" encoding="UTF-8"?>
<!-- Generated by org.testng.reporters.JUnitReportReporter -->
<testsuite hostname="DESKTOP-QMAKQJB" failures="0" tests="3" name="com.vinsGuru.vendarPortal.VendorPortalTest" time="14.170" errors="0" timestamp="2024-07-18T21:47:26 IST" skipped="0">
  <testcase classname="com.vinsGuru.vendarPortal.VendorPortalTest" name="loginTest" time="9.355"/>
  <system-out/>
  <testcase classname="com.vinsGuru.vendarPortal.VendorPortalTest" name="dashBoardTest" time="3.402"/>
  <system-out/>
  <testcase classname="com.vinsGuru.vendarPortal.VendorPortalTest" name="logout" time="1.413"/>
  <system-out/>
</testsuite> <!-- com.vinsGuru.vendarPortal.VendorPortalTest -->
