<?xml version="1.0" encoding="UTF-8"?>
<!-- Generated by org.testng.reporters.JUnitReportReporter -->
<testsuite hostname="DESKTOP-QMAKQJB" failures="0" tests="3" name="com.vinsGuru.vendarPortal.VendorPortalTest" time="4.053" errors="0" timestamp="2024-07-23T14:24:51 IST" skipped="0">
  <testcase classname="com.vinsGuru.vendarPortal.VendorPortalTest" name="loginTest" time="0.922"/>
  <system-out/>
  <testcase classname="com.vinsGuru.vendarPortal.VendorPortalTest" name="dashBoardTest" time="2.006"/>
  <system-out/>
  <testcase classname="com.vinsGuru.vendarPortal.VendorPortalTest" name="logout" time="1.125"/>
  <system-out/>
</testsuite> <!-- com.vinsGuru.vendarPortal.VendorPortalTest -->
