<?xml version="1.0" encoding="UTF-8"?>
<!-- Generated by org.testng.reporters.JUnitReportReporter -->
<testsuite hostname="DESKTOP-QMAKQJB" failures="0" tests="3" name="com.vinsGuru.vendarPortal.VendorPortalTest" time="2.999" errors="0" timestamp="2024-07-21T11:25:28 IST" skipped="0">
  <testcase classname="com.vinsGuru.vendarPortal.VendorPortalTest" name="dashBoardTest" time="1.419"/>
  <system-out/>
  <testcase classname="com.vinsGuru.vendarPortal.VendorPortalTest" name="loginTest" time="0.695"/>
  <system-out/>
  <testcase classname="com.vinsGuru.vendarPortal.VendorPortalTest" name="logout" time="0.885"/>
  <system-out/>
</testsuite> <!-- com.vinsGuru.vendarPortal.VendorPortalTest -->
