<?xml version="1.0" encoding="UTF-8"?>
<!-- Generated by org.testng.reporters.JUnitReportReporter -->
<testsuite hostname="DESKTOP-QMAKQJB" failures="0" tests="6" name="com.vinGuru.tests.flightResevearion.FlightReseverationTest" time="-1718729216.000" errors="1" timestamp="2024-06-18T22:16:02 IST" skipped="5">
  <testcase classname="com.vinGuru.tests.flightResevearion.FlightReseverationTest" name="userRegistaraionTest" time="0.000">
    <skipped/>
  </testcase> <!-- userRegistaraionTest -->
  <testcase classname="com.vinGuru.tests.flightResevearion.FlightReseverationTest" name="setPage" time="-1718729216.000">
    <error message="
Parameter &#039;noOfPassengers&#039; is required by BeforeTest on method setPage but has not been marked @Optional or defined
in C:\Users\Girish Kulkarni\AppData\Local\Temp\testng-eclipse-1952114705\testng-customsuite.xml" type="org.testng.TestNGException">
      <![CDATA[org.testng.TestNGException: 
Parameter 'noOfPassengers' is required by BeforeTest on method setPage but has not been marked @Optional or defined
in C:\Users\Girish Kulkarni\AppData\Local\Temp\testng-eclipse-1952114705\testng-customsuite.xml
at org.testng.internal.Parameters.createParams(Parameters.java:267)
at org.testng.internal.Parameters.createParametersForMethod(Parameters.java:355)
at org.testng.internal.Parameters.createParameters(Parameters.java:693)
at org.testng.internal.Parameters.createConfigurationParameters(Parameters.java:166)
at org.testng.internal.invokers.ConfigInvoker.invokeConfigurations(ConfigInvoker.java:306)
at org.testng.TestRunner.invokeTestConfigurations(TestRunner.java:661)
at org.testng.TestRunner.beforeRun(TestRunner.java:650)
at org.testng.TestRunner.run(TestRunner.java:612)
at org.testng.SuiteRunner.runTest(SuiteRunner.java:443)
at org.testng.SuiteRunner.runSequentially(SuiteRunner.java:437)
at org.testng.SuiteRunner.privateRun(SuiteRunner.java:397)
at org.testng.SuiteRunner.run(SuiteRunner.java:336)
at org.testng.SuiteRunnerWorker.runSuite(SuiteRunnerWorker.java:52)
at org.testng.SuiteRunnerWorker.run(SuiteRunnerWorker.java:95)
at org.testng.TestNG.runSuitesSequentially(TestNG.java:1301)
at org.testng.TestNG.runSuitesLocally(TestNG.java:1228)
at org.testng.TestNG.runSuites(TestNG.java:1134)
at org.testng.TestNG.run(TestNG.java:1101)
at org.testng.remote.AbstractRemoteTestNG.run(AbstractRemoteTestNG.java:115)
at org.testng.remote.RemoteTestNG.initAndRun(RemoteTestNG.java:251)
at org.testng.remote.RemoteTestNG.main(RemoteTestNG.java:77)
]]>
    </error>
  </testcase> <!-- setPage -->
  <testcase classname="com.vinGuru.tests.flightResevearion.FlightReseverationTest" name="flightReseverationConfirmationTest" time="0.000">
    <skipped/>
  </testcase> <!-- flightReseverationConfirmationTest -->
  <testcase classname="com.vinGuru.tests.flightResevearion.FlightReseverationTest" name="registartionConfirmationPage" time="0.000">
    <skipped/>
  </testcase> <!-- registartionConfirmationPage -->
  <testcase classname="com.vinGuru.tests.flightResevearion.FlightReseverationTest" name="flightSearchTest" time="0.001">
    <skipped/>
  </testcase> <!-- flightSearchTest -->
  <testcase classname="com.vinGuru.tests.flightResevearion.FlightReseverationTest" name="flightSelectionTest" time="0.000">
    <skipped/>
  </testcase> <!-- flightSelectionTest -->
</testsuite> <!-- com.vinGuru.tests.flightResevearion.FlightReseverationTest -->
